c:\projects\youbot\youbot_driver\build\debug\youbotdriver.pdb
c:\projects\youbot\youbot_driver\build\debug\youbotjointparameterpasswordprotected.obj
c:\projects\youbot\youbot_driver\build\debug\youbotjointparameterreadonly.obj
c:\projects\youbot\youbot_driver\build\debug\youbotjointparameter.obj
c:\projects\youbot\youbot_driver\build\debug\gripperdatatrace.obj
c:\projects\youbot\youbot_driver\build\debug\datatrace.obj
c:\projects\youbot\youbot_driver\build\debug\youbotgripperparameter.obj
c:\projects\youbot\youbot_driver\build\debug\youbotgripperbar.obj
c:\projects\youbot\youbot_driver\build\debug\youbotgripper.obj
c:\projects\youbot\youbot_driver\build\debug\youbotmanipulator.obj
c:\projects\youbot\youbot_driver\build\debug\youbotbase.obj
c:\projects\youbot\youbot_driver\build\debug\jointlimitmonitor.obj
c:\projects\youbot\youbot_driver\build\debug\youbotjoint.obj
c:\projects\youbot\youbot_driver\build\debug\jointtrajectory.obj
c:\projects\youbot\youbot_driver\build\debug\jointdata.obj
c:\projects\youbot\youbot_driver\build\debug\pidcontroller.obj
c:\projects\youbot\youbot_driver\build\debug\configfile.obj
c:\projects\youbot\youbot_driver\build\debug\logger.obj
c:\projects\youbot\youbot_driver\build\debug\ethercatmasterwithoutthread.obj
c:\projects\youbot\youbot_driver\build\debug\ethercatmasterwiththread.obj
c:\projects\youbot\youbot_driver\build\debug\ethercatmaster.obj
c:\projects\youbot\youbot_driver\build\debug\fourswedishwheelomnibasekinematicconfiguration.obj
c:\projects\youbot\youbot_driver\build\debug\fourswedishwheelomnibasekinematic.obj
c:\projects\youbot\youbot_driver\build\debug\jointtrajectorycontroller.obj
c:\projects\youbot\youbot_driver\build\cmakefiles\generate.stamp
c:\projects\youbot\youbot_driver\build\debug\youbotdriver.lib
c:\projects\youbot\youbot_driver\build\debug\soem.pdb
c:\projects\youbot\youbot_driver\build\debug\youbotdriver.tlog\cl.command.1.tlog
c:\projects\youbot\youbot_driver\build\debug\youbotdriver.tlog\cl.read.1.tlog
c:\projects\youbot\youbot_driver\build\debug\youbotdriver.tlog\cl.write.1.tlog
c:\projects\youbot\youbot_driver\build\debug\youbotdriver.tlog\custombuild.command.1.tlog
c:\projects\youbot\youbot_driver\build\debug\youbotdriver.tlog\custombuild.read.1.tlog
c:\projects\youbot\youbot_driver\build\debug\youbotdriver.tlog\custombuild.write.1.tlog
c:\projects\youbot\youbot_driver\build\debug\youbotdriver.tlog\lib-link.read.1.tlog
c:\projects\youbot\youbot_driver\build\debug\youbotdriver.tlog\lib-link.write.1.tlog
c:\projects\youbot\youbot_driver\build\debug\youbotdriver.tlog\lib.command.1.tlog
