c:\projects\youbot\list_pcap_devices-master\build\list_pcap_devices.dir\debug\vc143.pdb
c:\projects\youbot\list_pcap_devices-master\build\list_pcap_devices.dir\debug\main.obj
c:\projects\youbot\list_pcap_devices-master\build\cmakefiles\generate.stamp
c:\projects\youbot\list_pcap_devices-master\build\debug\list_pcap_devices.pdb
c:\projects\youbot\list_pcap_devices-master\build\debug\list_pcap_devices.exe
c:\projects\youbot\list_pcap_devices-master\build\debug\list_pcap_devices.ilk
c:\projects\youbot\list_pcap_devices-master\build\list_pcap_devices.dir\debug\list_pca.5f86ffa1.tlog\cl.command.1.tlog
c:\projects\youbot\list_pcap_devices-master\build\list_pcap_devices.dir\debug\list_pca.5f86ffa1.tlog\cl.read.1.tlog
c:\projects\youbot\list_pcap_devices-master\build\list_pcap_devices.dir\debug\list_pca.5f86ffa1.tlog\cl.write.1.tlog
c:\projects\youbot\list_pcap_devices-master\build\list_pcap_devices.dir\debug\list_pca.5f86ffa1.tlog\custombuild.command.1.tlog
c:\projects\youbot\list_pcap_devices-master\build\list_pcap_devices.dir\debug\list_pca.5f86ffa1.tlog\custombuild.read.1.tlog
c:\projects\youbot\list_pcap_devices-master\build\list_pcap_devices.dir\debug\list_pca.5f86ffa1.tlog\custombuild.write.1.tlog
c:\projects\youbot\list_pcap_devices-master\build\list_pcap_devices.dir\debug\list_pca.5f86ffa1.tlog\link-cvtres.read.1.tlog
c:\projects\youbot\list_pcap_devices-master\build\list_pcap_devices.dir\debug\list_pca.5f86ffa1.tlog\link-cvtres.write.1.tlog
c:\projects\youbot\list_pcap_devices-master\build\list_pcap_devices.dir\debug\list_pca.5f86ffa1.tlog\link-rc.read.1.tlog
c:\projects\youbot\list_pcap_devices-master\build\list_pcap_devices.dir\debug\list_pca.5f86ffa1.tlog\link-rc.write.1.tlog
c:\projects\youbot\list_pcap_devices-master\build\list_pcap_devices.dir\debug\list_pca.5f86ffa1.tlog\link.command.1.tlog
c:\projects\youbot\list_pcap_devices-master\build\list_pcap_devices.dir\debug\list_pca.5f86ffa1.tlog\link.read.1.tlog
c:\projects\youbot\list_pcap_devices-master\build\list_pcap_devices.dir\debug\list_pca.5f86ffa1.tlog\link.read.2.tlog
c:\projects\youbot\list_pcap_devices-master\build\list_pcap_devices.dir\debug\list_pca.5f86ffa1.tlog\link.write.1.tlog
