c:\projects\youbot\youbot_driver\build\debug\soem.pdb
c:\projects\youbot\youbot_driver\build\src\soem\debug\oshw.obj
c:\projects\youbot\youbot_driver\build\src\soem\debug\nicdrv.obj
c:\projects\youbot\youbot_driver\build\src\soem\debug\osal.obj
c:\projects\youbot\youbot_driver\build\src\soem\debug\ethercatsoe.obj
c:\projects\youbot\youbot_driver\build\src\soem\debug\ethercatprint.obj
c:\projects\youbot\youbot_driver\build\src\soem\debug\ethercatmain.obj
c:\projects\youbot\youbot_driver\build\src\soem\debug\ethercatfoe.obj
c:\projects\youbot\youbot_driver\build\src\soem\debug\ethercatdc.obj
c:\projects\youbot\youbot_driver\build\src\soem\debug\ethercatconfig.obj
c:\projects\youbot\youbot_driver\build\src\soem\debug\ethercatcoe.obj
c:\projects\youbot\youbot_driver\build\src\soem\debug\ethercatbase.obj
c:\projects\youbot\youbot_driver\build\src\soem\cmakefiles\generate.stamp
c:\projects\youbot\youbot_driver\build\debug\soem.lib
c:\projects\youbot\youbot_driver\build\src\soem\debug\soem.tlog\cl.command.1.tlog
c:\projects\youbot\youbot_driver\build\src\soem\debug\soem.tlog\cl.read.1.tlog
c:\projects\youbot\youbot_driver\build\src\soem\debug\soem.tlog\cl.write.1.tlog
c:\projects\youbot\youbot_driver\build\src\soem\debug\soem.tlog\custombuild.command.1.tlog
c:\projects\youbot\youbot_driver\build\src\soem\debug\soem.tlog\custombuild.read.1.tlog
c:\projects\youbot\youbot_driver\build\src\soem\debug\soem.tlog\custombuild.write.1.tlog
c:\projects\youbot\youbot_driver\build\src\soem\debug\soem.tlog\lib-link.read.1.tlog
c:\projects\youbot\youbot_driver\build\src\soem\debug\soem.tlog\lib-link.write.1.tlog
c:\projects\youbot\youbot_driver\build\src\soem\debug\soem.tlog\lib.command.1.tlog
